<?xml version="1.0" encoding="UTF-8"?>
<testng-results ignored="0" total="1" passed="1" failed="0" skipped="0">
  <reporter-output>
  </reporter-output>
  <suite started-at="2025-08-30T20:03:20 IST" name="Default suite" finished-at="2025-08-30T20:03:22 IST" duration-ms="2009">
    <groups>
    </groups>
    <test started-at="2025-08-30T20:03:20 IST" name="Default test" finished-at="2025-08-30T20:03:22 IST" duration-ms="2009">
      <class name="day3_QueryPathCookies.HeadersTest">
        <test-method signature="getHeaders()[pri:2, instance:day3_QueryPathCookies.HeadersTest@4d5d943d]" started-at="2025-08-30T20:03:20 IST" name="getHeaders" finished-at="2025-08-30T20:03:22 IST" duration-ms="1963" status="PASS">
          <reporter-output>
          </reporter-output>
        </test-method> <!-- getHeaders -->
      </class> <!-- day3_QueryPathCookies.HeadersTest -->
    </test> <!-- Default test -->
  </suite> <!-- Default suite -->
</testng-results>
